<?xml version="1.0" encoding="UTF-8"?>
<!-- Generated by org.testng.reporters.JUnitReportReporter -->
<testsuite skipped="0" hostname="LAPTOP-P9E99UVO" name="com.qa.testscript.TC_FlightSearchAndFlightStatus_003" tests="1" failures="0" timestamp="2021-09-08T20:54:47 IST" time="31.562" errors="0">
  <testcase name="FlightSearch" time="31.562" classname="com.qa.testscript.TC_FlightSearchAndFlightStatus_003"/>
  <system-out/>
</testsuite> <!-- com.qa.testscript.TC_FlightSearchAndFlightStatus_003 -->
