<?xml version="1.0" encoding="UTF-8"?>
<!-- Generated by org.testng.reporters.JUnitReportReporter -->
<testsuite skipped="0" hostname="LAPTOP-P9E99UVO" name="com.qa.testscript.TC_FlightStatus_003_01" tests="1" failures="0" timestamp="2021-09-08T21:30:19 IST" time="20.939" errors="0">
  <testcase name="flight_Status" time="20.939" classname="com.qa.testscript.TC_FlightStatus_003_01"/>
  <system-out/>
</testsuite> <!-- com.qa.testscript.TC_FlightStatus_003_01 -->
